#
# There is insufficient memory for the Java Runtime Environment to continue.
# Native memory allocation (mmap) failed to map 268435456 bytes for G1 virtual space
# Possible reasons:
#   The system is out of physical RAM or swap space
#   The process is running with CompressedOops enabled, and the Java Heap may be blocking the growth of the native heap
# Possible solutions:
#   Reduce memory load on the system
#   Increase physical memory or swap space
#   Check if swap backing store is full
#   Decrease Java heap size (-Xmx/-Xms)
#   Decrease number of Java threads
#   Decrease Java thread stack sizes (-Xss)
#   Set larger code cache with -XX:ReservedCodeCacheSize=
#   JVM is running with Zero Based Compressed Oops mode in which the Java heap is
#     placed in the first 32GB address space. The Java Heap base address is the
#     maximum limit for the native heap growth. Please use -XX:HeapBaseMinAddress
#     to set the Java Heap base and to place the Java Heap above 32GB virtual address.
# This output file may be truncated or incomplete.
#
#  Out of Memory Error (os_windows.cpp:3532), pid=41544, tid=41600
#
# JRE version:  (17.0.2+8) (build )
# Java VM: OpenJDK 64-Bit Server VM (17.0.2+8, mixed mode, sharing, tiered, compressed oops, compressed class ptrs, g1 gc, windows-amd64)
# No core dump will be written. Minidumps are not enabled by default on client versions of Windows
#

---------------  S U M M A R Y ------------

Command Line: -Dfile.encoding=Cp1252 -XX:+ShowCodeDetailsInExceptionMessages qa.example.hangman.Runner

Host: AMD Ryzen 5 3600 6-Core Processor              , 12 cores, 15G,  Windows 10 , 64 bit Build 19041 (10.0.19041.1806)
Time: Mon Jul 18 16:48:48 2022 GMT Summer Time elapsed time: 0.008129 seconds (0d 0h 0m 0s)

---------------  T H R E A D  ---------------

Current thread (0x00000199d90cd620):  JavaThread "Unknown thread" [_thread_in_vm, id=41600, stack(0x0000001ddb100000,0x0000001ddb200000)]

Stack: [0x0000001ddb100000,0x0000001ddb200000]
Native frames: (J=compiled Java code, j=interpreted, Vv=VM code, C=native code)
V  [jvm.dll+0x67564a]
V  [jvm.dll+0x82fc04]
V  [jvm.dll+0x8313ae]
V  [jvm.dll+0x831a13]
V  [jvm.dll+0x245235]
V  [jvm.dll+0x672539]
V  [jvm.dll+0x666e82]
V  [jvm.dll+0x30401b]
V  [jvm.dll+0x30b566]
V  [jvm.dll+0x35b1fe]
V  [jvm.dll+0x35b42f]
V  [jvm.dll+0x2daf58]
V  [jvm.dll+0x2dbec4]
V  [jvm.dll+0x801881]
V  [jvm.dll+0x368f81]
V  [jvm.dll+0x7e0cdc]
V  [jvm.dll+0x3eb8bf]
V  [jvm.dll+0x3ed441]
C  [jli.dll+0x5277]
C  [ucrtbase.dll+0x21bb2]
C  [KERNEL32.DLL+0x17034]
C  [ntdll.dll+0x52651]


---------------  P R O C E S S  ---------------

Threads class SMR info:
_java_thread_list=0x00007fff534c5e98, length=0, elements={
}

Java Threads: ( => current thread )

Other Threads:
  0x00000199d911c810 GCTaskThread "GC Thread#0" [stack: 0x0000001ddb200000,0x0000001ddb300000] [id=41604]
  0x00000199d912de00 ConcurrentGCThread "G1 Main Marker" [stack: 0x0000001ddb300000,0x0000001ddb400000] [id=41608]
  0x00000199d912f820 ConcurrentGCThread "G1 Conc#0" [stack: 0x0000001ddb400000,0x0000001ddb500000] [id=41612]

[error occurred during error reporting (printing all threads), id 0xc0000005, EXCEPTION_ACCESS_VIOLATION (0xc0000005) at pc=0x00007fff52c9b9d7]

VM state: not at safepoint (not fully initialized)

VM Mutex/Monitor currently owned by a thread:  ([mutex/lock_event])
[0x00000199d90c8150] Heap_lock - owner thread: 0x00000199d90cd620

Heap address: 0x0000000700e00000, size: 4082 MB, Compressed Oops mode: Zero based, Oop shift amount: 3

CDS archive(s) mapped at: [0x0000000000000000-0x0000000000000000-0x0000000000000000), size 0, SharedBaseAddress: 0x0000000800000000, ArchiveRelocationMode: 0.
Narrow klass base: 0x0000000000000000, Narrow klass shift: 0, Narrow klass range: 0x0

GC Precious Log:
<Empty>

Heap:
 garbage-first heap   total 0K, used 0K [0x0000000700e00000, 0x0000000800000000)
  region size 2048K, 0 young (0K), 0 survivors (0K)

[error occurred during error reporting (printing heap information), id 0xc0000005, EXCEPTION_ACCESS_VIOLATION (0xc0000005) at pc=0x00007fff5307e899]

GC Heap History (0 events):
No events

Deoptimization events (0 events):
No events

Classes unloaded (0 events):
No events

Classes redefined (0 events):
No events

Internal exceptions (0 events):
No events

VM Operations (0 events):
No events

Events (1 events):
Event: 0.004 Loaded shared library C:\Users\andre\.p2\pool\plugins\org.eclipse.justj.openjdk.hotspot.jre.full.win32.x86_64_17.0.2.v20220201-1208\jre\bin\java.dll


Dynamic libraries:
0x00007ff654620000 - 0x00007ff65462e000 	C:\Users\andre\.p2\pool\plugins\org.eclipse.justj.openjdk.hotspot.jre.full.win32.x86_64_17.0.2.v20220201-1208\jre\bin\javaw.exe
0x00007fffdcff0000 - 0x00007fffdd1e8000 	C:\Windows\SYSTEM32\ntdll.dll
0x00007fffdbeb0000 - 0x00007fffdbf6d000 	C:\Windows\System32\KERNEL32.DLL
0x00007fffda740000 - 0x00007fffdaa0e000 	C:\Windows\System32\KERNELBASE.dll
0x00007fffdaf50000 - 0x00007fffdb050000 	C:\Windows\System32\ucrtbase.dll
0x00007fffd6280000 - 0x00007fffd6298000 	C:\Users\andre\.p2\pool\plugins\org.eclipse.justj.openjdk.hotspot.jre.full.win32.x86_64_17.0.2.v20220201-1208\jre\bin\jli.dll
0x00007fffd6230000 - 0x00007fffd6249000 	C:\Users\andre\.p2\pool\plugins\org.eclipse.justj.openjdk.hotspot.jre.full.win32.x86_64_17.0.2.v20220201-1208\jre\bin\VCRUNTIME140.dll
0x00007fffdb050000 - 0x00007fffdb1f0000 	C:\Windows\System32\USER32.dll
0x00007fffda710000 - 0x00007fffda732000 	C:\Windows\System32\win32u.dll
0x00007fffca910000 - 0x00007fffcabaa000 	C:\Windows\WinSxS\amd64_microsoft.windows.common-controls_6595b64144ccf1df_6.0.19041.1110_none_60b5254171f9507e\COMCTL32.dll
0x00007fffdb370000 - 0x00007fffdb39a000 	C:\Windows\System32\GDI32.dll
0x00007fffdb1f0000 - 0x00007fffdb28e000 	C:\Windows\System32\msvcrt.dll
0x00007fffdab60000 - 0x00007fffdac6b000 	C:\Windows\System32\gdi32full.dll
0x00007fffdaac0000 - 0x00007fffdab5d000 	C:\Windows\System32\msvcp_win.dll
0x00007fffdb290000 - 0x00007fffdb2c0000 	C:\Windows\System32\IMM32.DLL
0x00007fffd6220000 - 0x00007fffd622c000 	C:\Users\andre\.p2\pool\plugins\org.eclipse.justj.openjdk.hotspot.jre.full.win32.x86_64_17.0.2.v20220201-1208\jre\bin\vcruntime140_1.dll
0x00007fffc1d30000 - 0x00007fffc1dc1000 	C:\Users\andre\.p2\pool\plugins\org.eclipse.justj.openjdk.hotspot.jre.full.win32.x86_64_17.0.2.v20220201-1208\jre\bin\msvcp140.dll
0x00007fff529b0000 - 0x00007fff535f7000 	C:\Users\andre\.p2\pool\plugins\org.eclipse.justj.openjdk.hotspot.jre.full.win32.x86_64_17.0.2.v20220201-1208\jre\bin\server\jvm.dll
0x00007fffdcbc0000 - 0x00007fffdcc6e000 	C:\Windows\System32\ADVAPI32.dll
0x00007fffdc330000 - 0x00007fffdc3cc000 	C:\Windows\System32\sechost.dll
0x00007fffdb910000 - 0x00007fffdba35000 	C:\Windows\System32\RPCRT4.dll
0x00007fffdcc70000 - 0x00007fffdcc78000 	C:\Windows\System32\PSAPI.DLL
0x00007fffcfd20000 - 0x00007fffcfd47000 	C:\Windows\SYSTEM32\WINMM.dll
0x00007fffd2610000 - 0x00007fffd261a000 	C:\Windows\SYSTEM32\VERSION.dll
0x00007fffd61f0000 - 0x00007fffd61f9000 	C:\Windows\SYSTEM32\WSOCK32.dll
0x00007fffdc160000 - 0x00007fffdc1cb000 	C:\Windows\System32\WS2_32.dll
0x00007fffd8630000 - 0x00007fffd8642000 	C:\Windows\SYSTEM32\kernel.appcore.dll
0x00007fffd61e0000 - 0x00007fffd61ea000 	C:\Users\andre\.p2\pool\plugins\org.eclipse.justj.openjdk.hotspot.jre.full.win32.x86_64_17.0.2.v20220201-1208\jre\bin\jimage.dll
0x00007fffd26b0000 - 0x00007fffd2894000 	C:\Windows\SYSTEM32\DBGHELP.DLL
0x00007fffc7610000 - 0x00007fffc763c000 	C:\Windows\SYSTEM32\dbgcore.DLL
0x00007fffdae50000 - 0x00007fffdaed2000 	C:\Windows\System32\bcryptPrimitives.dll
0x00007fffc2320000 - 0x00007fffc2345000 	C:\Users\andre\.p2\pool\plugins\org.eclipse.justj.openjdk.hotspot.jre.full.win32.x86_64_17.0.2.v20220201-1208\jre\bin\java.dll

dbghelp: loaded successfully - version: 4.0.5 - missing functions: none
symbol engine: initialized successfully - sym options: 0x614 - pdb path: .;C:\Users\andre\.p2\pool\plugins\org.eclipse.justj.openjdk.hotspot.jre.full.win32.x86_64_17.0.2.v20220201-1208\jre\bin;C:\Windows\SYSTEM32;C:\Windows\WinSxS\amd64_microsoft.windows.common-controls_6595b64144ccf1df_6.0.19041.1110_none_60b5254171f9507e;C:\Users\andre\.p2\pool\plugins\org.eclipse.justj.openjdk.hotspot.jre.full.win32.x86_64_17.0.2.v20220201-1208\jre\bin\server

VM Arguments:
jvm_args: -Dfile.encoding=Cp1252 -XX:+ShowCodeDetailsInExceptionMessages 
java_command: qa.example.hangman.Runner
java_class_path (initial): E:\Documents\Scripts\Eclipse\Projects\SwingExample\bin
Launcher Type: SUN_STANDARD

[Global flags]
     intx CICompilerCount                          = 4                                         {product} {ergonomic}
     uint ConcGCThreads                            = 3                                         {product} {ergonomic}
     uint G1ConcRefinementThreads                  = 10                                        {product} {ergonomic}
   size_t G1HeapRegionSize                         = 2097152                                   {product} {ergonomic}
    uintx GCDrainStackTargetSize                   = 64                                        {product} {ergonomic}
   size_t InitialHeapSize                          = 268435456                                 {product} {ergonomic}
   size_t MarkStackSize                            = 4194304                                   {product} {ergonomic}
   size_t MaxHeapSize                              = 4280287232                                {product} {ergonomic}
   size_t MinHeapDeltaBytes                        = 2097152                                   {product} {ergonomic}
   size_t MinHeapSize                              = 8388608                                   {product} {ergonomic}
    uintx NonNMethodCodeHeapSize                   = 5839372                                {pd product} {ergonomic}
    uintx NonProfiledCodeHeapSize                  = 122909434                              {pd product} {ergonomic}
    uintx ProfiledCodeHeapSize                     = 122909434                              {pd product} {ergonomic}
    uintx ReservedCodeCacheSize                    = 251658240                              {pd product} {ergonomic}
     bool SegmentedCodeCache                       = true                                      {product} {ergonomic}
     bool ShowCodeDetailsInExceptionMessages       = true                                   {manageable} {command line}
   size_t SoftMaxHeapSize                          = 4280287232                             {manageable} {ergonomic}
     bool UseCompressedClassPointers               = true                           {product lp64_product} {ergonomic}
     bool UseCompressedOops                        = true                           {product lp64_product} {ergonomic}
     bool UseG1GC                                  = true                                      {product} {ergonomic}
     bool UseLargePagesIndividualAllocation        = false                                  {pd product} {ergonomic}

Logging:
Log output configuration:
 #0: stdout all=warning uptime,level,tags
 #1: stderr all=off uptime,level,tags

Environment Variables:
PATH=C:/Users/andre/.p2/pool/plugins/org.eclipse.justj.openjdk.hotspot.jre.full.win32.x86_64_17.0.2.v20220201-1208/jre/bin/server;C:/Users/andre/.p2/pool/plugins/org.eclipse.justj.openjdk.hotspot.jre.full.win32.x86_64_17.0.2.v20220201-1208/jre/bin;C:\Program Files (x86)\Common Files\Oracle\Java\javapath;C:\Program Files\Oculus\Support\oculus-runtime;C:\Windows\system32;C:\Windows;C:\Windows\System32\Wbem;C:\Windows\System32\WindowsPowerShell\v1.0\;C:\Windows\System32\OpenSSH\;C:\Program Files\Microsoft VS Code\bin;C:\Program Files\Git\cmd;C:\Program Files\dotnet\;C:\Program Files\nodejs\;C:\Program Files (x86)\dotnet\;C:\Users\andre\AppData\Local\Programs\Python\Python310\Scripts\;C:\Users\andre\AppData\Local\Programs\Python\Python310\;C:\Users\andre\.cargo\bin;C:\Users\andre\AppData\Local\Microsoft\WindowsApps;C:\Users\andre\.dotnet\tools;C:\Program Files\JetBrains\IntelliJ IDEA 2021.3.3\bin;;C:\Users\andre\AppData\Roaming\npm;C:\Windows\System32;
USERNAME=andre
OS=Windows_NT
PROCESSOR_IDENTIFIER=AMD64 Family 23 Model 113 Stepping 0, AuthenticAMD



---------------  S Y S T E M  ---------------

OS:
 Windows 10 , 64 bit Build 19041 (10.0.19041.1806)
OS uptime: 0 days 21:27 hours

CPU: total 12 (initial active 12) (12 cores per cpu, 2 threads per core) family 23 model 113 stepping 0 microcode 0x0, cx8, cmov, fxsr, ht, mmx, 3dnowpref, sse, sse2, sse3, ssse3, sse4a, sse4.1, sse4.2, popcnt, lzcnt, tsc, tscinvbit, avx, avx2, aes, clmul, bmi1, bmi2, adx, sha, fma, vzeroupper, clflush, clflushopt

Memory: 4k page, system-wide physical 16320M (324M free)
TotalPageFile size 65472M (AvailPageFile size 98M)
current process WorkingSet (physical memory assigned to process): 10M, peak: 10M
current process commit charge ("private bytes"): 64M, peak: 320M

vm_info: OpenJDK 64-Bit Server VM (17.0.2+8) for windows-amd64 JRE (17.0.2+8), built on Jan 20 2022 04:52:34 by "" with MS VC++ 16.7 (VS2019)

END.
